=== Log started at 2025-12-21 02:26:22 ===
[2025-12-21 02:26:22.872] INFO: === NoBS Desktop Organizer Started ===
[2025-12-21 02:26:22.873] INFO: Current wallpaper: C:\Windows\web\wallpaper\Windows\img0.jpg
[2025-12-21 02:26:22.873] INFO: Captured startup wallpaper: C:\Windows\web\wallpaper\Windows\img0.jpg
[2025-12-21 02:26:36.602] INFO: Applying profile: Testing
[2025-12-21 02:26:36.602] INFO: Minimizing all user windows
[2025-12-21 02:26:36.667] INFO: Launching 1 profile apps
[2025-12-21 02:26:37.684] INFO: Launching app: TegraRcmGUI (C:\Program Files (x86)\TegraRcmGUI\TegraRcmGUI.exe)
[2025-12-21 02:26:37.686] INFO: App launched successfully: TegraRcmGUI (PID: 21436)
[2025-12-21 02:26:37.793] INFO: Window found for TegraRcmGUI (HWND: 14D0F8A)
[2025-12-21 02:26:37.793] INFO: Attempting to apply wallpaper: H:\BACKUP\IMAGE\Video + Image\Photo & Video Archive\Safekeeping\WALLPAPERS\99999999999.png
[2025-12-21 02:26:37.801] INFO: WallpaperEngine not detected
[2025-12-21 02:26:37.801] INFO: Setting wallpaper to: H:\BACKUP\IMAGE\Video + Image\Photo & Video Archive\Safekeeping\WALLPAPERS\99999999999.png
[2025-12-21 02:26:38.443] INFO: Wallpaper changed successfully
[2025-12-21 02:26:40.443] INFO: Positioning 1 windows
[2025-12-21 02:26:40.444] INFO: Forcing position for TegraRcmGUI to (272, 437, 513x387)
[2025-12-21 02:26:41.065] INFO: Successfully positioned TegraRcmGUI
[2025-12-21 02:26:41.065] INFO: All positioning tasks completed
[2025-12-21 02:26:41.065] INFO: Profile 'Testing' applied successfully
[2025-12-21 02:26:53.134] INFO: Restoring startup wallpaper on exit
[2025-12-21 02:26:53.134] INFO: Setting wallpaper to: C:\Windows\web\wallpaper\Windows\img0.jpg
[2025-12-21 02:26:53.735] INFO: Wallpaper changed successfully
[2025-12-21 02:26:53.735] INFO: === NoBS Desktop Organizer Closed ===
